<?xml version="1.0" encoding="UTF-8"?>
<!-- Generated by org.testng.reporters.JUnitReportReporter -->
<testsuite hostname="DESKTOP-7TVUAN4" failures="0" tests="1" name="Ep8.threadpoolsizeTimeout" time="2.013" errors="1" timestamp="2024-08-29T14:13:36 IST" skipped="0">
  <testcase classname="Ep8.threadpoolsizeTimeout" name="InvocationPrallel" time="2.013">
    <error message="Method Ep8.threadpoolsizeTimeout.InvocationPrallel() didn&#039;t finish within the time-out 2000" type="org.testng.internal.thread.ThreadTimeoutException">
      <![CDATA[org.testng.internal.thread.ThreadTimeoutException: Method Ep8.threadpoolsizeTimeout.InvocationPrallel() didn't finish within the time-out 2000
at java.base@17.0.9/jdk.internal.misc.Unsafe.park(Native Method)
at java.base@17.0.9/java.util.concurrent.locks.LockSupport.parkNanos(LockSupport.java:252)
at java.base@17.0.9/java.util.concurrent.CompletableFuture$Signaller.block(CompletableFuture.java:1866)
at java.base@17.0.9/java.util.concurrent.ForkJoinPool.unmanagedBlock(ForkJoinPool.java:3465)
at java.base@17.0.9/java.util.concurrent.ForkJoinPool.managedBlock(ForkJoinPool.java:3436)
at java.base@17.0.9/java.util.concurrent.CompletableFuture.timedGet(CompletableFuture.java:1939)
at java.base@17.0.9/java.util.concurrent.CompletableFuture.get(CompletableFuture.java:2095)
at app//org.openqa.selenium.remote.http.jdk.JdkHttpClient.execute0(JdkHttpClient.java:385)
at app//org.openqa.selenium.remote.http.jdk.JdkHttpClient$$Lambda$290/0x000000080023bcb0.execute(Unknown Source)
at app//org.openqa.selenium.remote.http.AddSeleniumUserAgent.lambda$apply$0(AddSeleniumUserAgent.java:42)
at app//org.openqa.selenium.remote.http.AddSeleniumUserAgent$$Lambda$470/0x000000080030f720.execute(Unknown Source)
at app//org.openqa.selenium.remote.http.Filter.lambda$andFinally$1(Filter.java:55)
at app//org.openqa.selenium.remote.http.Filter$$Lambda$291/0x000000080023e000.execute(Unknown Source)
at app//org.openqa.selenium.remote.http.jdk.JdkHttpClient.execute(JdkHttpClient.java:358)
at app//org.openqa.selenium.remote.HttpCommandExecutor.execute(HttpCommandExecutor.java:188)
at app//org.openqa.selenium.remote.service.DriverCommandExecutor.invokeExecute(DriverCommandExecutor.java:200)
at app//org.openqa.selenium.remote.service.DriverCommandExecutor.execute(DriverCommandExecutor.java:175)
at app//org.openqa.selenium.remote.RemoteWebDriver.execute(RemoteWebDriver.java:523)
at app//org.openqa.selenium.remote.RemoteWebElement.execute(RemoteWebElement.java:224)
at app//org.openqa.selenium.remote.RemoteWebElement.click(RemoteWebElement.java:77)
at app//Ep8.threadpoolsizeTimeout.InvocationPrallel(threadpoolsizeTimeout.java:23)
at java.base@17.0.9/jdk.internal.reflect.NativeMethodAccessorImpl.invoke0(Native Method)
at java.base@17.0.9/jdk.internal.reflect.NativeMethodAccessorImpl.invoke(NativeMethodAccessorImpl.java:77)
at java.base@17.0.9/jdk.internal.reflect.DelegatingMethodAccessorImpl.invoke(DelegatingMethodAccessorImpl.java:43)
at java.base@17.0.9/java.lang.reflect.Method.invoke(Method.java:568)
at app//org.testng.internal.invokers.MethodInvocationHelper.invokeMethod(MethodInvocationHelper.java:141)
at app//org.testng.internal.invokers.InvokeMethodRunnable.runOne(InvokeMethodRunnable.java:47)
at app//org.testng.internal.invokers.InvokeMethodRunnable.call(InvokeMethodRunnable.java:76)
at app//org.testng.internal.invokers.InvokeMethodRunnable.call(InvokeMethodRunnable.java:11)
at java.base@17.0.9/java.util.concurrent.FutureTask.run(FutureTask.java:264)
at java.base@17.0.9/java.util.concurrent.ThreadPoolExecutor.runWorker(ThreadPoolExecutor.java:1136)
at java.base@17.0.9/java.util.concurrent.ThreadPoolExecutor$Worker.run(ThreadPoolExecutor.java:635)
at java.base@17.0.9/java.lang.Thread.run(Thread.java:840)
]]>
    </error>
  </testcase> <!-- InvocationPrallel -->
</testsuite> <!-- Ep8.threadpoolsizeTimeout -->
